2018-08-09 14:17:01.690  INFO 16052 --- [restartedMain] c.e.s.SpringbootDemoApplication          : Starting SpringbootDemoApplication on NightSnow with PID 16052 (G:\MyProject\springboot-demo\target\classes started by wangw in G:\MyProject\springboot-demo)
2018-08-09 14:17:01.691  INFO 16052 --- [restartedMain] c.e.s.SpringbootDemoApplication          : No active profile set, falling back to default profiles: default
2018-08-09 14:17:03.334  INFO 16052 --- [restartedMain] o.s.b.w.embedded.tomcat.TomcatWebServer  : Tomcat initialized with port(s): 8080 (http)
2018-08-09 14:17:03.356  INFO 16052 --- [restartedMain] o.apache.catalina.core.StandardService   : Starting service [Tomcat]
2018-08-09 14:17:03.356  INFO 16052 --- [restartedMain] org.apache.catalina.core.StandardEngine  : Starting Servlet Engine: Apache Tomcat/9.0.10
2018-08-09 14:17:03.363  INFO 16052 --- [restartedMain] o.a.catalina.core.AprLifecycleListener   : The APR based Apache Tomcat Native library which allows optimal performance in production environments was not found on the java.library.path: [C:\Program Files\Java\jdk1.8.0_101\bin;C:\WINDOWS\Sun\Java\bin;C:\WINDOWS\system32;C:\WINDOWS;C:\ProgramData\Oracle\Java\javapath;C:\WINDOWS\system32;C:\WINDOWS;C:\WINDOWS\System32\Wbem;C:\WINDOWS\System32\WindowsPowerShell\v1.0\;C:\Program Files (x86)\Java\jdk1.7.0_72\bin;C:\Program Files (x86)\Java\jdk1.7.0_72\jre\bin;D:\apache-maven-3.0.5\bin;C:\Program Files (x86)\NVIDIA Corporation\PhysX\Common;D:\bin;C:\Program Files (x86)\MySQL\MySQL Server 5.5\bin;C:\Users\wangw\AppData\Local\Microsoft\WindowsApps;;.]
2018-08-09 14:17:03.487  INFO 16052 --- [restartedMain] o.a.c.c.C.[Tomcat].[localhost].[/]       : Initializing Spring embedded WebApplicationContext
2018-08-09 14:17:03.487  INFO 16052 --- [restartedMain] o.s.web.context.ContextLoader            : Root WebApplicationContext: initialization completed in 1742 ms
2018-08-09 14:17:03.520  INFO 16052 --- [restartedMain] o.s.b.w.servlet.ServletRegistrationBean  : Servlet dispatcherServlet mapped to [/]
2018-08-09 14:17:03.525  INFO 16052 --- [restartedMain] o.s.b.w.servlet.FilterRegistrationBean   : Mapping filter: 'characterEncodingFilter' to: [/*]
2018-08-09 14:17:03.526  INFO 16052 --- [restartedMain] o.s.b.w.servlet.FilterRegistrationBean   : Mapping filter: 'hiddenHttpMethodFilter' to: [/*]
2018-08-09 14:17:03.526  INFO 16052 --- [restartedMain] o.s.b.w.servlet.FilterRegistrationBean   : Mapping filter: 'httpPutFormContentFilter' to: [/*]
2018-08-09 14:17:03.527  INFO 16052 --- [restartedMain] o.s.b.w.servlet.FilterRegistrationBean   : Mapping filter: 'requestContextFilter' to: [/*]
2018-08-09 14:17:03.580  INFO 16052 --- [restartedMain] o.s.s.concurrent.ThreadPoolTaskExecutor  : Initializing ExecutorService  'applicationTaskExecutor'
2018-08-09 14:17:03.856  INFO 16052 --- [restartedMain] o.s.b.a.w.s.WelcomePageHandlerMapping    : Adding welcome page template: index
2018-08-09 14:17:04.895  INFO 16052 --- [restartedMain] o.s.b.d.a.OptionalLiveReloadServer       : LiveReload server is running on port 35729
2018-08-09 14:17:04.989  INFO 16052 --- [restartedMain] o.s.b.w.embedded.tomcat.TomcatWebServer  : Tomcat started on port(s): 8080 (http) with context path ''
2018-08-09 14:17:04.994  INFO 16052 --- [restartedMain] c.e.s.SpringbootDemoApplication          : Started SpringbootDemoApplication in 3.889 seconds (JVM running for 5.171)
2018-08-09 14:17:21.456  INFO 16052 --- [http-nio-8080-exec-2] o.a.c.c.C.[Tomcat].[localhost].[/]       : Initializing Spring DispatcherServlet 'dispatcherServlet'
2018-08-09 14:17:21.457  INFO 16052 --- [http-nio-8080-exec-2] o.s.web.servlet.DispatcherServlet        : Initializing Servlet 'dispatcherServlet'
2018-08-09 14:17:21.463  INFO 16052 --- [http-nio-8080-exec-2] o.s.web.servlet.DispatcherServlet        : Completed initialization in 6 ms
2018-08-09 14:22:02.525  INFO 1864 --- [restartedMain] c.e.s.SpringbootDemoApplication          : Starting SpringbootDemoApplication on NightSnow with PID 1864 (G:\MyProject\springboot-demo\target\classes started by wangw in G:\MyProject\springboot-demo)
2018-08-09 14:22:02.527  INFO 1864 --- [restartedMain] c.e.s.SpringbootDemoApplication          : No active profile set, falling back to default profiles: default
2018-08-09 14:22:04.114  INFO 1864 --- [restartedMain] o.s.b.w.embedded.tomcat.TomcatWebServer  : Tomcat initialized with port(s): 8080 (http)
2018-08-09 14:22:04.133  INFO 1864 --- [restartedMain] o.apache.catalina.core.StandardService   : Starting service [Tomcat]
2018-08-09 14:22:04.134  INFO 1864 --- [restartedMain] org.apache.catalina.core.StandardEngine  : Starting Servlet Engine: Apache Tomcat/9.0.10
2018-08-09 14:22:04.138  INFO 1864 --- [restartedMain] o.a.catalina.core.AprLifecycleListener   : The APR based Apache Tomcat Native library which allows optimal performance in production environments was not found on the java.library.path: [C:\Program Files\Java\jdk1.8.0_101\bin;C:\WINDOWS\Sun\Java\bin;C:\WINDOWS\system32;C:\WINDOWS;C:\ProgramData\Oracle\Java\javapath;C:\WINDOWS\system32;C:\WINDOWS;C:\WINDOWS\System32\Wbem;C:\WINDOWS\System32\WindowsPowerShell\v1.0\;C:\Program Files (x86)\Java\jdk1.7.0_72\bin;C:\Program Files (x86)\Java\jdk1.7.0_72\jre\bin;D:\apache-maven-3.0.5\bin;C:\Program Files (x86)\NVIDIA Corporation\PhysX\Common;D:\bin;C:\Program Files (x86)\MySQL\MySQL Server 5.5\bin;C:\Users\wangw\AppData\Local\Microsoft\WindowsApps;;.]
2018-08-09 14:22:04.253  INFO 1864 --- [restartedMain] o.a.c.c.C.[Tomcat].[localhost].[/]       : Initializing Spring embedded WebApplicationContext
2018-08-09 14:22:04.253  INFO 1864 --- [restartedMain] o.s.web.context.ContextLoader            : Root WebApplicationContext: initialization completed in 1652 ms
2018-08-09 14:22:04.280  INFO 1864 --- [restartedMain] o.s.b.w.servlet.ServletRegistrationBean  : Servlet dispatcherServlet mapped to [/]
2018-08-09 14:22:04.285  INFO 1864 --- [restartedMain] o.s.b.w.servlet.FilterRegistrationBean   : Mapping filter: 'characterEncodingFilter' to: [/*]
2018-08-09 14:22:04.286  INFO 1864 --- [restartedMain] o.s.b.w.servlet.FilterRegistrationBean   : Mapping filter: 'hiddenHttpMethodFilter' to: [/*]
2018-08-09 14:22:04.286  INFO 1864 --- [restartedMain] o.s.b.w.servlet.FilterRegistrationBean   : Mapping filter: 'httpPutFormContentFilter' to: [/*]
2018-08-09 14:22:04.286  INFO 1864 --- [restartedMain] o.s.b.w.servlet.FilterRegistrationBean   : Mapping filter: 'requestContextFilter' to: [/*]
2018-08-09 14:22:04.345  INFO 1864 --- [restartedMain] o.s.s.concurrent.ThreadPoolTaskExecutor  : Initializing ExecutorService  'applicationTaskExecutor'
2018-08-09 14:22:04.668  INFO 1864 --- [restartedMain] o.s.b.a.w.s.WelcomePageHandlerMapping    : Adding welcome page template: index
2018-08-09 14:22:05.686  INFO 1864 --- [restartedMain] o.s.b.d.a.OptionalLiveReloadServer       : LiveReload server is running on port 35729
2018-08-09 14:22:05.769  INFO 1864 --- [restartedMain] o.s.b.w.embedded.tomcat.TomcatWebServer  : Tomcat started on port(s): 8080 (http) with context path ''
2018-08-09 14:22:05.774  INFO 1864 --- [restartedMain] c.e.s.SpringbootDemoApplication          : Started SpringbootDemoApplication in 3.774 seconds (JVM running for 4.997)
2018-08-09 14:22:26.475  INFO 1864 --- [http-nio-8080-exec-2] o.a.c.c.C.[Tomcat].[localhost].[/]       : Initializing Spring DispatcherServlet 'dispatcherServlet'
2018-08-09 14:22:26.476  INFO 1864 --- [http-nio-8080-exec-2] o.s.web.servlet.DispatcherServlet        : Initializing Servlet 'dispatcherServlet'
2018-08-09 14:22:26.483  INFO 1864 --- [http-nio-8080-exec-2] o.s.web.servlet.DispatcherServlet        : Completed initialization in 7 ms
2018-08-09 14:23:30.462  INFO 1864 --- [http-nio-8080-exec-1] c.e.springbootdemo.HelloController       : studentsList:[com.example.springbootdemo.Student@72a54d30, com.example.springbootdemo.Student@7c62ad14, com.example.springbootdemo.Student@785d2640, com.example.springbootdemo.Student@3d5fa72f, com.example.springbootdemo.Student@654ba179, com.example.springbootdemo.Student@c28bac9, com.example.springbootdemo.Student@1dd6e22a, com.example.springbootdemo.Student@5d705860, com.example.springbootdemo.Student@65886ade, com.example.springbootdemo.Student@2cbf6a54]
